<?xml version="1.0" encoding="UTF-8"?>
<!-- Generated by org.testng.reporters.JUnitReportReporter -->
<testsuite skipped="0" hostname="LAPTOP-2VPF5FIB" name="com.gurukula.testCases.TC_006_Updatebranch" tests="1" failures="0" timestamp="11 Aug 2019 23:11:08 GMT" time="4.014" errors="0">
  <testcase name="updateBranch" time="4.014" classname="com.gurukula.testCases.TC_006_Updatebranch"/>
</testsuite> <!-- com.gurukula.testCases.TC_006_Updatebranch -->
