<?xml version="1.0" encoding="UTF-8"?>
<!-- Generated by org.testng.reporters.JUnitReportReporter -->
<testsuite skipped="0" hostname="LAPTOP-2VPF5FIB" name="com.gurukula.testCases.TC_003_CreateBranch" tests="2" failures="0" timestamp="16 Aug 2019 00:34:35 GMT" time="9.363" errors="0">
  <testcase name="CreateBranch" time="5.088" classname="com.gurukula.testCases.TC_003_CreateBranch"/>
  <testcase name="CreateBranch" time="4.275" classname="com.gurukula.testCases.TC_003_CreateBranch"/>
</testsuite> <!-- com.gurukula.testCases.TC_003_CreateBranch -->
