<?xml version="1.0" encoding="UTF-8"?>
<!-- Generated by org.testng.reporters.JUnitReportReporter -->
<testsuite skipped="0" hostname="LAPTOP-2VPF5FIB" name="com.gurukula.testCases.TC_001_LoginTest" tests="2" failures="0" timestamp="11 Aug 2019 23:35:48 GMT" time="5.731" errors="0">
  <testcase name="loginTest" time="5.728" classname="com.gurukula.testCases.TC_001_LoginTest"/>
  <testcase name="logout" time="0.003" classname="com.gurukula.testCases.TC_001_LoginTest"/>
</testsuite> <!-- com.gurukula.testCases.TC_001_LoginTest -->
