<?xml version="1.0" encoding="UTF-8"?>
<!-- Generated by org.testng.reporters.JUnitReportReporter -->
<testsuite skipped="0" hostname="LAPTOP-2VPF5FIB" name="com.gurukula.testCases.TC_LoginTest_001" tests="2" failures="0" timestamp="11 Aug 2019 00:34:37 GMT" time="3.616" errors="0">
  <testcase name="loginTest" time="3.243" classname="com.gurukula.testCases.TC_LoginTest_001"/>
  <testcase name="logout" time="0.373" classname="com.gurukula.testCases.TC_LoginTest_001"/>
</testsuite> <!-- com.gurukula.testCases.TC_LoginTest_001 -->
