<?xml version="1.0" encoding="UTF-8"?>
<!-- Generated by org.testng.reporters.JUnitReportReporter -->
<testsuite skipped="0" hostname="LAPTOP-2VPF5FIB" name="com.gurukula.testCases.TC_004_SearchBranch" tests="1" failures="0" timestamp="18 Aug 2019 20:32:06 GMT" time="13.253" errors="0">
  <testcase name="SearchBranch" time="13.253" classname="com.gurukula.testCases.TC_004_SearchBranch"/>
</testsuite> <!-- com.gurukula.testCases.TC_004_SearchBranch -->
