<?xml version="1.0" encoding="UTF-8"?>
<!-- Generated by org.testng.reporters.JUnitReportReporter -->
<testsuite skipped="0" hostname="LAPTOP-2VPF5FIB" name="com.gurukula.testCases.TC_LoginTest_001" tests="2" failures="0" timestamp="10 Aug 2019 18:05:53 GMT" time="12.903" errors="0">
  <testcase name="loginTest" time="12.337" classname="com.gurukula.testCases.TC_LoginTest_001"/>
  <testcase name="logout" time="0.566" classname="com.gurukula.testCases.TC_LoginTest_001"/>
</testsuite> <!-- com.gurukula.testCases.TC_LoginTest_001 -->
