<?xml version="1.0" encoding="UTF-8"?>
<!-- Generated by org.testng.reporters.JUnitReportReporter -->
<testsuite skipped="0" hostname="LAPTOP-2VPF5FIB" name="com.gurukula.testCases.TC_CreateBranch_002" tests="1" failures="0" timestamp="10 Aug 2019 18:05:53 GMT" time="4.929" errors="0">
  <testcase name="CreateBranch" time="4.929" classname="com.gurukula.testCases.TC_CreateBranch_002"/>
</testsuite> <!-- com.gurukula.testCases.TC_CreateBranch_002 -->
