<?xml version="1.0" encoding="UTF-8"?>
<!-- Generated by org.testng.reporters.JUnitReportReporter -->
<testsuite skipped="0" hostname="LAPTOP-2VPF5FIB" name="com.gurukula.testCases.TC_009_navigation_Next" tests="1" failures="0" timestamp="17 Aug 2019 17:26:17 GMT" time="1.934" errors="0">
  <testcase name="checknavigationNext" time="1.934" classname="com.gurukula.testCases.TC_009_navigation_Next"/>
</testsuite> <!-- com.gurukula.testCases.TC_009_navigation_Next -->
