<?xml version="1.0" encoding="UTF-8"?>
<!-- Generated by org.testng.reporters.JUnitReportReporter -->
<testsuite skipped="0" hostname="LAPTOP-2VPF5FIB" name="com.gurukula.testCases.TC_005_Updatebranch" tests="1" failures="0" timestamp="11 Aug 2019 22:07:45 GMT" time="2.833" errors="0">
  <testcase name="updateBranch" time="2.833" classname="com.gurukula.testCases.TC_005_Updatebranch"/>
</testsuite> <!-- com.gurukula.testCases.TC_005_Updatebranch -->
