<?xml version="1.0" encoding="UTF-8"?>
<!-- Generated by org.testng.reporters.JUnitReportReporter -->
<testsuite skipped="0" hostname="LAPTOP-2VPF5FIB" name="com.gurukula.testCases.TC_007_DeleteBranch" tests="1" failures="0" timestamp="18 Aug 2019 20:33:30 GMT" time="2.068" errors="0">
  <testcase name="DeleteBranch" time="2.068" classname="com.gurukula.testCases.TC_007_DeleteBranch"/>
</testsuite> <!-- com.gurukula.testCases.TC_007_DeleteBranch -->
