<?xml version="1.0" encoding="UTF-8"?>
<!-- Generated by org.testng.reporters.JUnitReportReporter -->
<testsuite skipped="0" hostname="LAPTOP-2VPF5FIB" name="com.gurukula.testCases.TC_003_CreateBranch" tests="1" failures="0" timestamp="12 Aug 2019 22:46:35 GMT" time="2.414" errors="0">
  <testcase name="CreateBranch" time="2.414" classname="com.gurukula.testCases.TC_003_CreateBranch"/>
</testsuite> <!-- com.gurukula.testCases.TC_003_CreateBranch -->
