<?xml version="1.0" encoding="UTF-8"?>
<!-- Generated by org.testng.reporters.JUnitReportReporter -->
<testsuite skipped="0" hostname="LAPTOP-2VPF5FIB" name="com.gurukula.testCases.TC_003_CreateBranch" tests="1" failures="0" timestamp="11 Aug 2019 23:07:53 GMT" time="2.775" errors="0">
  <testcase name="CreateBranch" time="2.775" classname="com.gurukula.testCases.TC_003_CreateBranch"/>
</testsuite> <!-- com.gurukula.testCases.TC_003_CreateBranch -->
