<?xml version="1.0" encoding="UTF-8"?>
<!-- Generated by org.testng.reporters.JUnitReportReporter -->
<testsuite skipped="0" hostname="LAPTOP-2VPF5FIB" name="com.gurukula.testCases.TC_002_LogoutTest" tests="1" failures="0" timestamp="14 Aug 2019 17:50:43 GMT" time="4.563" errors="0">
  <testcase name="logouttest" time="4.563" classname="com.gurukula.testCases.TC_002_LogoutTest"/>
</testsuite> <!-- com.gurukula.testCases.TC_002_LogoutTest -->
