<?xml version="1.0" encoding="UTF-8"?>
<!-- Generated by org.testng.reporters.JUnitReportReporter -->
<testsuite skipped="0" hostname="LAPTOP-2VPF5FIB" name="com.gurukula.testCases.TC_003_CreateBranch" tests="1" failures="0" timestamp="14 Aug 2019 17:50:43 GMT" time="3.718" errors="0">
  <testcase name="CreateBranch" time="3.718" classname="com.gurukula.testCases.TC_003_CreateBranch"/>
</testsuite> <!-- com.gurukula.testCases.TC_003_CreateBranch -->
