<?xml version="1.0" encoding="UTF-8"?>
<!-- Generated by org.testng.reporters.JUnitReportReporter -->
<testsuite skipped="0" hostname="LAPTOP-2VPF5FIB" name="com.gurukula.testCases.TC_010_navigation_Previous" tests="1" failures="0" timestamp="17 Aug 2019 17:26:49 GMT" time="2.534" errors="0">
  <testcase name="checknavigationPrevious" time="2.534" classname="com.gurukula.testCases.TC_010_navigation_Previous"/>
</testsuite> <!-- com.gurukula.testCases.TC_010_navigation_Previous -->
