<?xml version="1.0" encoding="UTF-8"?>
<!-- Generated by org.testng.reporters.JUnitReportReporter -->
<testsuite skipped="0" hostname="LAPTOP-2VPF5FIB" name="com.gurukula.testCases.TC_004_Viewbranch" tests="1" failures="0" timestamp="11 Aug 2019 14:09:23 GMT" time="1.629" errors="0">
  <testcase name="viewBranch" time="1.629" classname="com.gurukula.testCases.TC_004_Viewbranch"/>
</testsuite> <!-- com.gurukula.testCases.TC_004_Viewbranch -->
