<?xml version="1.0" encoding="UTF-8"?>
<!-- Generated by org.testng.reporters.JUnitReportReporter -->
<testsuite skipped="0" hostname="LAPTOP-2VPF5FIB" name="com.gurukula.testCases.TC_SearchBranch_03" tests="1" failures="0" timestamp="10 Aug 2019 16:42:48 GMT" time="12.380" errors="0">
  <testcase name="SearchBranch" time="12.380" classname="com.gurukula.testCases.TC_SearchBranch_03"/>
</testsuite> <!-- com.gurukula.testCases.TC_SearchBranch_03 -->
