<?xml version="1.0" encoding="UTF-8"?>
<!-- Generated by org.testng.reporters.JUnitReportReporter -->
<testsuite skipped="0" hostname="LAPTOP-2VPF5FIB" name="com.gurukula.testCases.TC_001_LoginTest" tests="1" failures="0" timestamp="16 Aug 2019 00:09:06 GMT" time="2.759" errors="0">
  <testcase name="loginTest" time="2.759" classname="com.gurukula.testCases.TC_001_LoginTest"/>
</testsuite> <!-- com.gurukula.testCases.TC_001_LoginTest -->
