<?xml version="1.0" encoding="UTF-8"?>
<!-- Generated by org.testng.reporters.JUnitReportReporter -->
<testsuite skipped="0" hostname="LAPTOP-2VPF5FIB" name="com.gurukula.testCases.TC_003_CreateBranch" tests="2" failures="0" timestamp="17 Aug 2019 22:33:40 GMT" time="6.188" errors="0">
  <testcase name="CreateBranch" time="3.442" classname="com.gurukula.testCases.TC_003_CreateBranch"/>
  <testcase name="CreateBranch" time="2.746" classname="com.gurukula.testCases.TC_003_CreateBranch"/>
</testsuite> <!-- com.gurukula.testCases.TC_003_CreateBranch -->
