<?xml version="1.0" encoding="UTF-8"?>
<!-- Generated by org.testng.reporters.JUnitReportReporter -->
<testsuite skipped="0" hostname="LAPTOP-2VPF5FIB" name="com.gurukula.testCases.TC_LoginTest_001" tests="2" failures="0" timestamp="10 Aug 2019 23:00:43 GMT" time="20.304" errors="0">
  <testcase name="loginTest" time="9.847" classname="com.gurukula.testCases.TC_LoginTest_001"/>
  <testcase name="logout" time="10.457" classname="com.gurukula.testCases.TC_LoginTest_001"/>
</testsuite> <!-- com.gurukula.testCases.TC_LoginTest_001 -->
