<?xml version="1.0" encoding="UTF-8"?>
<!-- Generated by org.testng.reporters.JUnitReportReporter -->
<testsuite skipped="0" hostname="LAPTOP-2VPF5FIB" name="com.gurukula.testCases.TC_004_SearchBranch" tests="1" failures="0" timestamp="17 Aug 2019 22:33:40 GMT" time="9.556" errors="0">
  <testcase name="SearchBranch" time="9.556" classname="com.gurukula.testCases.TC_004_SearchBranch"/>
</testsuite> <!-- com.gurukula.testCases.TC_004_SearchBranch -->
